<?xml version="1.0" encoding="UTF-8" ?>
<testsuite tests="21" failures="0" name="WorldTour.Selenium.CucumberSample.RunCukesTest" time="6.022" errors="0" skipped="3">
  <properties>
    <property name="java.runtime.name" value="Java(TM) SE Runtime Environment"/>
    <property name="sun.boot.library.path" value="C:\Program Files\Java\jdk1.8.0_73\jre\bin"/>
    <property name="java.vm.version" value="25.73-b02"/>
    <property name="java.vm.vendor" value="Oracle Corporation"/>
    <property name="maven.multiModuleProjectDirectory" value="C:\Selenium123\SeleniumCucumber201"/>
    <property name="java.vendor.url" value="http://java.oracle.com/"/>
    <property name="path.separator" value=";"/>
    <property name="guice.disable.misplaced.annotation.check" value="true"/>
    <property name="java.vm.name" value="Java HotSpot(TM) 64-Bit Server VM"/>
    <property name="file.encoding.pkg" value="sun.io"/>
    <property name="user.script" value=""/>
    <property name="user.country" value="CA"/>
    <property name="sun.java.launcher" value="SUN_STANDARD"/>
    <property name="sun.os.patch.level" value="Service Pack 1"/>
    <property name="java.vm.specification.name" value="Java Virtual Machine Specification"/>
    <property name="user.dir" value="C:\Selenium123\SeleniumCucumber201"/>
    <property name="java.runtime.version" value="1.8.0_73-b02"/>
    <property name="java.awt.graphicsenv" value="sun.awt.Win32GraphicsEnvironment"/>
    <property name="java.endorsed.dirs" value="C:\Program Files\Java\jdk1.8.0_73\jre\lib\endorsed"/>
    <property name="os.arch" value="amd64"/>
    <property name="java.io.tmpdir" value="C:\Users\Michael\AppData\Local\Temp\"/>
    <property name="line.separator" value="
"/>
    <property name="java.vm.specification.vendor" value="Oracle Corporation"/>
    <property name="user.variant" value=""/>
    <property name="os.name" value="Windows 7"/>
    <property name="classworlds.conf" value="C:\Users\Michael\Downloads\apache-maven-3.3.9-bin\apache-maven-3.3.9\bin\..\bin\m2.conf"/>
    <property name="sun.jnu.encoding" value="Cp1252"/>
    <property name="java.library.path" value="C:\Program Files\Java\jdk1.8.0_73\bin;C:\Windows\Sun\Java\bin;C:\Windows\system32;C:\Windows;C:\ProgramData\Oracle\Java\javapath;C:\Program Files\Common Files\Microsoft Shared\Windows Live;C:\Windows\system32;C:\Windows;C:\Windows\System32\Wbem;C:\Windows\System32\WindowsPowerShell\v1.0\;C:\Program Files (x86)\ATI Technologies\ATI.ACE\Core-Static;C:\Users\Michael\Downloads\apache-maven-3.3.9-bin\apache-maven-3.3.9\bin;C:\Program Files\Java\jdk1.8.0_73;C:\Program Files\Java\jdk1.8.0_73\bin;C:\Program Files (x86)\Brackets\command;C:\phantomjs-2.1.1-windows\bin;C:\Program Files\Git;."/>
    <property name="java.specification.name" value="Java Platform API Specification"/>
    <property name="java.class.version" value="52.0"/>
    <property name="sun.management.compiler" value="HotSpot 64-Bit Tiered Compilers"/>
    <property name="os.version" value="6.1"/>
    <property name="user.home" value="C:\Users\Michael"/>
    <property name="user.timezone" value="America/New_York"/>
    <property name="java.awt.printerjob" value="sun.awt.windows.WPrinterJob"/>
    <property name="java.specification.version" value="1.8"/>
    <property name="file.encoding" value="Cp1252"/>
    <property name="user.name" value="Michael"/>
    <property name="java.class.path" value="C:\Users\Michael\Downloads\apache-maven-3.3.9-bin\apache-maven-3.3.9\bin\..\boot\plexus-classworlds-2.5.2.jar"/>
    <property name="java.vm.specification.version" value="1.8"/>
    <property name="sun.arch.data.model" value="64"/>
    <property name="java.home" value="C:\Program Files\Java\jdk1.8.0_73\jre"/>
    <property name="sun.java.command" value="org.codehaus.plexus.classworlds.launcher.Launcher clean test"/>
    <property name="java.specification.vendor" value="Oracle Corporation"/>
    <property name="user.language" value="en"/>
    <property name="awt.toolkit" value="sun.awt.windows.WToolkit"/>
    <property name="java.vm.info" value="mixed mode"/>
    <property name="java.version" value="1.8.0_73"/>
    <property name="java.ext.dirs" value="C:\Program Files\Java\jdk1.8.0_73\jre\lib\ext;C:\Windows\Sun\Java\lib\ext"/>
    <property name="sun.boot.class.path" value="C:\Program Files\Java\jdk1.8.0_73\jre\lib\resources.jar;C:\Program Files\Java\jdk1.8.0_73\jre\lib\rt.jar;C:\Program Files\Java\jdk1.8.0_73\jre\lib\sunrsasign.jar;C:\Program Files\Java\jdk1.8.0_73\jre\lib\jsse.jar;C:\Program Files\Java\jdk1.8.0_73\jre\lib\jce.jar;C:\Program Files\Java\jdk1.8.0_73\jre\lib\charsets.jar;C:\Program Files\Java\jdk1.8.0_73\jre\lib\jfr.jar;C:\Program Files\Java\jdk1.8.0_73\jre\classes"/>
    <property name="sun.stderr.encoding" value="cp850"/>
    <property name="java.vendor" value="Oracle Corporation"/>
    <property name="maven.home" value="C:\Users\Michael\Downloads\apache-maven-3.3.9-bin\apache-maven-3.3.9\bin\.."/>
    <property name="file.separator" value="\"/>
    <property name="java.vendor.url.bug" value="http://bugreport.sun.com/bugreport/"/>
    <property name="sun.cpu.endian" value="little"/>
    <property name="sun.io.unicode.encoding" value="UnicodeLittle"/>
    <property name="sun.stdout.encoding" value="cp850"/>
    <property name="sun.desktop" value="windows"/>
    <property name="sun.cpu.isalist" value="amd64"/>
  </properties>
  <testcase classname="When navigate to Touring main page by URL &quot;http://newtours.demoaut.com/&quot; and &quot;/specialDeals/&quot;   " name="When navigate to Touring main page by URL &quot;http://newtours.demoaut.com/&quot; and &quot;/specialDeals/&quot;   " time="0.004"/>
  <testcase classname="Then page tile &quot;Welcome: Mercury Tours&quot; shows    " name="Then page tile &quot;Welcome: Mercury Tours&quot; shows    " time="0"/>
  <testcase classname="Scenario: 1 - access Touring main page by URL  " name="Scenario: 1 - access Touring main page by URL  " time="1.2"/>
  <testcase classname="Given in Browser page &quot;http://newtours.demoaut.com/&quot;      " name="Given in Browser page &quot;http://newtours.demoaut.com/&quot;      " time="0"/>
  <testcase classname="When I login with user ID &quot;Mercury&quot;, and password &quot;mercury&quot;       " name="When I login with user ID &quot;Mercury&quot;, and password &quot;mercury&quot;       " time="0"/>
  <testcase classname="Then I will access to successful login page with title &quot;Find a Flight: Mercury Tours:&quot;        " name="Then I will access to successful login page with title &quot;Find a Flight: Mercury Tours:&quot;        " time="0"/>
  <testcase classname="Scenario: 2 - login     " name="Scenario: 2 - login     " time="1.195"/>
  <testcase classname="Given From MainPage &quot;http://newtours.demoaut.com/&quot; going to Register page            " name="Given From MainPage &quot;http://newtours.demoaut.com/&quot; going to Register page            " time="0"/>
  <testcase classname="When Register with &quot;KK&quot; &quot;Wick&quot; &quot;11 empire&quot; &quot;Canada&quot; &quot;KWICK&quot; &quot;123456&quot; information             " name="When Register with &quot;KK&quot; &quot;Wick&quot; &quot;11 empire&quot; &quot;Canada&quot; &quot;KWICK&quot; &quot;123456&quot; information             " time="0"/>
  <testcase classname="Then Registeration successed with title of &quot;Register: Mercury Tours&quot;              " name="Then Registeration successed with title of &quot;Register: Mercury Tours&quot;              " time="0"/>
  <testcase classname="| KK | Wick | 11 empire | Canada | KWICK | 123456 |           " name="| KK | Wick | 11 empire | Canada | KWICK | 123456 |           " time="1.196"/>
  <testcase classname="Given From MainPage &quot;http://newtours.demoaut.com/&quot; going to Register page                " name="Given From MainPage &quot;http://newtours.demoaut.com/&quot; going to Register page                " time="0"/>
  <testcase classname="When Register with &quot;HH&quot; &quot;Wrok&quot; &quot;12 queens&quot; &quot;UNITED STATES&quot; &quot;HWROK&quot; &quot;23467&quot; information                 " name="When Register with &quot;HH&quot; &quot;Wrok&quot; &quot;12 queens&quot; &quot;UNITED STATES&quot; &quot;HWROK&quot; &quot;23467&quot; information                 " time="0.001"/>
  <testcase classname="Then Registeration successed with title of &quot;Register: Mercury Tours&quot;                  " name="Then Registeration successed with title of &quot;Register: Mercury Tours&quot;                  " time="0"/>
  <testcase classname="| HH | Wrok | 12 queens | UNITED STATES | HWROK | 23467 |               " name="| HH | Wrok | 12 queens | UNITED STATES | HWROK | 23467 |               " time="1.198"/>
  <testcase classname="Given in Browser page &quot;http://newtours.demoaut.com/&quot;                    " name="Given in Browser page &quot;http://newtours.demoaut.com/&quot;                    " time="0"/>
  <testcase classname="And go to SupportPage with title &quot;Under Construction: Mercury Tours&quot;                     " name="And go to SupportPage with title &quot;Under Construction: Mercury Tours&quot;                     " time="0"/>
  <testcase classname="When click on &quot;BACK TO HOME&quot; button                      " name="When click on &quot;BACK TO HOME&quot; button                      " time="0"/>
  <testcase classname="Then will return to main page title &quot;Welcome: Mercury Tours&quot;                       " name="Then will return to main page title &quot;Welcome: Mercury Tours&quot;                       " time="0.01">
    <skipped/>
    <system-out>&amp;#27;[1A    &amp;#27;[32mWhen &amp;#27;[0m&amp;#27;[32mclick on &quot;&amp;#27;[0m&amp;#27;[32m&amp;#27;[1mBACK TO HOME&amp;#27;[0m&amp;#27;[32m&quot; button&amp;#27;[0m                                  &amp;#27;[90m# WorldTourMainPageSteps.clickOnButton(String)&amp;#27;[0m
    &amp;#27;[90mThen &amp;#27;[0m&amp;#27;[90mwill return to main page title &quot;&amp;#27;[0m&amp;#27;[90m&amp;#27;[1mWelcome: Mercury Tours&amp;#27;[0m&amp;#27;[90m&quot;&amp;#27;[0m         &amp;#27;[90m# WorldTourMainPageSteps.willReturnToMainPageTitle(String)&amp;#27;[0m
</system-out>
  </testcase>
  <testcase classname="But shouldn&apos;t see &quot;Google.ca&quot; button                        " name="But shouldn&apos;t see &quot;Google.ca&quot; button                        " time="0.018">
    <skipped/>
    <system-out>&amp;#27;[1A    &amp;#27;[33mThen &amp;#27;[0m&amp;#27;[33mwill return to main page title &quot;&amp;#27;[0m&amp;#27;[33m&amp;#27;[1mWelcome: Mercury Tours&amp;#27;[0m&amp;#27;[33m&quot;&amp;#27;[0m         &amp;#27;[90m# WorldTourMainPageSteps.willReturnToMainPageTitle(String)&amp;#27;[0m
      &amp;#27;[31mcucumber.runtime.PendingException: TODO: implement me
      	at WorldTour.Selenium.CucumberSample.steps.WorldTourMainPageSteps.willReturnToMainPageTitle(WorldTourMainPageSteps.java:94)
      	at ?.Then will return to main page title &quot;Welcome: Mercury Tours&quot;(WorldTour.Selenium.CucumberSample\TouringHome.feature:27)
      &amp;#27;[0m
    &amp;#27;[90mBut &amp;#27;[0m&amp;#27;[90mshouldn&apos;t see &quot;&amp;#27;[0m&amp;#27;[90m&amp;#27;[1mGoogle.ca&amp;#27;[0m&amp;#27;[90m&quot; button&amp;#27;[0m                                 &amp;#27;[90m# WorldTourMainPageSteps.shouldnTSeeButton(String)&amp;#27;[0m
</system-out>
  </testcase>
  <testcase classname="Scenario: 4 - Multi Conditions                   " name="Scenario: 4 - Multi Conditions                   " time="1.2">
    <skipped/>
    <system-out>&amp;#27;[1A    &amp;#27;[36mBut &amp;#27;[0m&amp;#27;[36mshouldn&apos;t see &quot;&amp;#27;[0m&amp;#27;[36m&amp;#27;[1mGoogle.ca&amp;#27;[0m&amp;#27;[36m&quot; button&amp;#27;[0m                                 &amp;#27;[90m# WorldTourMainPageSteps.shouldnTSeeButton(String)&amp;#27;[0m
</system-out>
  </testcase>
</testsuite>